Determining if the pthread_create exist failed with the following output:
Change Dir: /home/robotica/Desktop/MasterDegree/pcl/4 - Extract Indices/build/CMakeFiles/CMakeTmp

Run Build Command:"/usr/bin/make" "cmTC_52c6f/fast"
/usr/bin/make -f CMakeFiles/cmTC_52c6f.dir/build.make CMakeFiles/cmTC_52c6f.dir/build
make[1]: Entering directory '/home/robotica/Desktop/MasterDegree/pcl/4 - Extract Indices/build/CMakeFiles/CMakeTmp'
Building C object CMakeFiles/cmTC_52c6f.dir/CheckSymbolExists.c.o
/usr/bin/cc    -o CMakeFiles/cmTC_52c6f.dir/CheckSymbolExists.c.o   -c "/home/robotica/Desktop/MasterDegree/pcl/4 - Extract Indices/build/CMakeFiles/CMakeTmp/CheckSymbolExists.c"
Linking C executable cmTC_52c6f
/usr/bin/cmake -E cmake_link_script CMakeFiles/cmTC_52c6f.dir/link.txt --verbose=1
/usr/bin/cc      -rdynamic CMakeFiles/cmTC_52c6f.dir/CheckSymbolExists.c.o  -o cmTC_52c6f 
CMakeFiles/cmTC_52c6f.dir/CheckSymbolExists.c.o: In function `main':
CheckSymbolExists.c:(.text+0x1b): undefined reference to `pthread_create'
collect2: error: ld returned 1 exit status
CMakeFiles/cmTC_52c6f.dir/build.make:97: recipe for target 'cmTC_52c6f' failed
make[1]: *** [cmTC_52c6f] Error 1
make[1]: Leaving directory '/home/robotica/Desktop/MasterDegree/pcl/4 - Extract Indices/build/CMakeFiles/CMakeTmp'
Makefile:126: recipe for target 'cmTC_52c6f/fast' failed
make: *** [cmTC_52c6f/fast] Error 2

File /home/robotica/Desktop/MasterDegree/pcl/4 - Extract Indices/build/CMakeFiles/CMakeTmp/CheckSymbolExists.c:
/* */
#include <pthread.h>

int main(int argc, char** argv)
{
  (void)argv;
#ifndef pthread_create
  return ((int*)(&pthread_create))[argc];
#else
  (void)argc;
  return 0;
#endif
}

Determining if the function pthread_create exists in the pthreads failed with the following output:
Change Dir: /home/robotica/Desktop/MasterDegree/pcl/4 - Extract Indices/build/CMakeFiles/CMakeTmp

Run Build Command:"/usr/bin/make" "cmTC_12355/fast"
/usr/bin/make -f CMakeFiles/cmTC_12355.dir/build.make CMakeFiles/cmTC_12355.dir/build
make[1]: Entering directory '/home/robotica/Desktop/MasterDegree/pcl/4 - Extract Indices/build/CMakeFiles/CMakeTmp'
Building C object CMakeFiles/cmTC_12355.dir/CheckFunctionExists.c.o
/usr/bin/cc   -DCHECK_FUNCTION_EXISTS=pthread_create   -o CMakeFiles/cmTC_12355.dir/CheckFunctionExists.c.o   -c /usr/share/cmake-3.10/Modules/CheckFunctionExists.c
Linking C executable cmTC_12355
/usr/bin/cmake -E cmake_link_script CMakeFiles/cmTC_12355.dir/link.txt --verbose=1
/usr/bin/cc  -DCHECK_FUNCTION_EXISTS=pthread_create    -rdynamic CMakeFiles/cmTC_12355.dir/CheckFunctionExists.c.o  -o cmTC_12355 -lpthreads 
/usr/bin/ld: cannot find -lpthreads
collect2: error: ld returned 1 exit status
CMakeFiles/cmTC_12355.dir/build.make:97: recipe for target 'cmTC_12355' failed
make[1]: *** [cmTC_12355] Error 1
make[1]: Leaving directory '/home/robotica/Desktop/MasterDegree/pcl/4 - Extract Indices/build/CMakeFiles/CMakeTmp'
Makefile:126: recipe for target 'cmTC_12355/fast' failed
make: *** [cmTC_12355/fast] Error 2


