Determining if the pthread_create exist failed with the following output:
Change Dir: /home/robotica/Desktop/MasterDegree/pcl/2-ReduceNoise/build/CMakeFiles/CMakeTmp

Run Build Command:"/usr/bin/make" "cmTC_1af06/fast"
/usr/bin/make -f CMakeFiles/cmTC_1af06.dir/build.make CMakeFiles/cmTC_1af06.dir/build
make[1]: Entering directory '/home/robotica/Desktop/MasterDegree/pcl/2-ReduceNoise/build/CMakeFiles/CMakeTmp'
Building C object CMakeFiles/cmTC_1af06.dir/CheckSymbolExists.c.o
/usr/bin/cc    -o CMakeFiles/cmTC_1af06.dir/CheckSymbolExists.c.o   -c /home/robotica/Desktop/MasterDegree/pcl/2-ReduceNoise/build/CMakeFiles/CMakeTmp/CheckSymbolExists.c
Linking C executable cmTC_1af06
/usr/bin/cmake -E cmake_link_script CMakeFiles/cmTC_1af06.dir/link.txt --verbose=1
/usr/bin/cc      -rdynamic CMakeFiles/cmTC_1af06.dir/CheckSymbolExists.c.o  -o cmTC_1af06 
CMakeFiles/cmTC_1af06.dir/CheckSymbolExists.c.o: In function `main':
CheckSymbolExists.c:(.text+0x1b): undefined reference to `pthread_create'
collect2: error: ld returned 1 exit status
CMakeFiles/cmTC_1af06.dir/build.make:97: recipe for target 'cmTC_1af06' failed
make[1]: *** [cmTC_1af06] Error 1
make[1]: Leaving directory '/home/robotica/Desktop/MasterDegree/pcl/2-ReduceNoise/build/CMakeFiles/CMakeTmp'
Makefile:126: recipe for target 'cmTC_1af06/fast' failed
make: *** [cmTC_1af06/fast] Error 2

File /home/robotica/Desktop/MasterDegree/pcl/2-ReduceNoise/build/CMakeFiles/CMakeTmp/CheckSymbolExists.c:
/* */
#include <pthread.h>

int main(int argc, char** argv)
{
  (void)argv;
#ifndef pthread_create
  return ((int*)(&pthread_create))[argc];
#else
  (void)argc;
  return 0;
#endif
}

Determining if the function pthread_create exists in the pthreads failed with the following output:
Change Dir: /home/robotica/Desktop/MasterDegree/pcl/2-ReduceNoise/build/CMakeFiles/CMakeTmp

Run Build Command:"/usr/bin/make" "cmTC_1020d/fast"
/usr/bin/make -f CMakeFiles/cmTC_1020d.dir/build.make CMakeFiles/cmTC_1020d.dir/build
make[1]: Entering directory '/home/robotica/Desktop/MasterDegree/pcl/2-ReduceNoise/build/CMakeFiles/CMakeTmp'
Building C object CMakeFiles/cmTC_1020d.dir/CheckFunctionExists.c.o
/usr/bin/cc   -DCHECK_FUNCTION_EXISTS=pthread_create   -o CMakeFiles/cmTC_1020d.dir/CheckFunctionExists.c.o   -c /usr/share/cmake-3.10/Modules/CheckFunctionExists.c
Linking C executable cmTC_1020d
/usr/bin/cmake -E cmake_link_script CMakeFiles/cmTC_1020d.dir/link.txt --verbose=1
/usr/bin/cc  -DCHECK_FUNCTION_EXISTS=pthread_create    -rdynamic CMakeFiles/cmTC_1020d.dir/CheckFunctionExists.c.o  -o cmTC_1020d -lpthreads 
/usr/bin/ld: cannot find -lpthreads
collect2: error: ld returned 1 exit status
CMakeFiles/cmTC_1020d.dir/build.make:97: recipe for target 'cmTC_1020d' failed
make[1]: *** [cmTC_1020d] Error 1
make[1]: Leaving directory '/home/robotica/Desktop/MasterDegree/pcl/2-ReduceNoise/build/CMakeFiles/CMakeTmp'
Makefile:126: recipe for target 'cmTC_1020d/fast' failed
make: *** [cmTC_1020d/fast] Error 2


